<?xml version="1.0" encoding="UTF-8"?>
<testsuites>
  <testsuite name="" tests="20" assertions="49" errors="0" warnings="0" failures="0" skipped="0" time="0.030457">
    <testsuite name="Project Test Suite" tests="20" assertions="49" errors="0" warnings="0" failures="0" skipped="0" time="0.030457">
      <testsuite name="App\Card\CardTest" file="/Users/narwhal/dbwebb-kurser/mvc/me/report/tests/Card/CardTest.php" tests="3" assertions="9" errors="0" warnings="0" failures="0" skipped="0" time="0.005421">
        <testcase name="testCreateCardObjectEmpty" class="App\Card\CardTest" classname="App.Card.CardTest" file="/Users/narwhal/dbwebb-kurser/mvc/me/report/tests/Card/CardTest.php" line="12" assertions="4" time="0.004708"/>
        <testcase name="testCreateCardObjectFromValues" class="App\Card\CardTest" classname="App.Card.CardTest" file="/Users/narwhal/dbwebb-kurser/mvc/me/report/tests/Card/CardTest.php" line="20" assertions="4" time="0.000543"/>
        <testcase name="testCreateCardObjectFromValuesWrongType" class="App\Card\CardTest" classname="App.Card.CardTest" file="/Users/narwhal/dbwebb-kurser/mvc/me/report/tests/Card/CardTest.php" line="28" assertions="1" time="0.000170"/>
      </testsuite>
      <testsuite name="App\Card\DeckJokerTest" file="/Users/narwhal/dbwebb-kurser/mvc/me/report/tests/Card/DeckJokerTest.php" tests="1" assertions="1" errors="0" warnings="0" failures="0" skipped="0" time="0.000910">
        <testcase name="testCreateDeckJoker" class="App\Card\DeckJokerTest" classname="App.Card.DeckJokerTest" file="/Users/narwhal/dbwebb-kurser/mvc/me/report/tests/Card/DeckJokerTest.php" line="20" assertions="1" time="0.000910"/>
      </testsuite>
      <testsuite name="App\Card\DeckTest" file="/Users/narwhal/dbwebb-kurser/mvc/me/report/tests/Card/DeckTest.php" tests="8" assertions="19" errors="0" warnings="0" failures="0" skipped="0" time="0.012582">
        <testcase name="testCreateDeck" class="App\Card\DeckTest" classname="App.Card.DeckTest" file="/Users/narwhal/dbwebb-kurser/mvc/me/report/tests/Card/DeckTest.php" line="20" assertions="1" time="0.000275"/>
        <testcase name="testGetSize" class="App\Card\DeckTest" classname="App.Card.DeckTest" file="/Users/narwhal/dbwebb-kurser/mvc/me/report/tests/Card/DeckTest.php" line="24" assertions="1" time="0.000283"/>
        <testcase name="testDeckHasCardObjects" class="App\Card\DeckTest" classname="App.Card.DeckTest" file="/Users/narwhal/dbwebb-kurser/mvc/me/report/tests/Card/DeckTest.php" line="28" assertions="2" time="0.000564"/>
        <testcase name="testDeckAsJSONReturnsArrayOfString" class="App\Card\DeckTest" classname="App.Card.DeckTest" file="/Users/narwhal/dbwebb-kurser/mvc/me/report/tests/Card/DeckTest.php" line="34" assertions="2" time="0.000334"/>
        <testcase name="testDeckDrawEmpty" class="App\Card\DeckTest" classname="App.Card.DeckTest" file="/Users/narwhal/dbwebb-kurser/mvc/me/report/tests/Card/DeckTest.php" line="40" assertions="4" time="0.000667"/>
        <testcase name="testDeckDrawMany" class="App\Card\DeckTest" classname="App.Card.DeckTest" file="/Users/narwhal/dbwebb-kurser/mvc/me/report/tests/Card/DeckTest.php" line="48" assertions="4" time="0.000305"/>
        <testcase name="testDeckShuffle" class="App\Card\DeckTest" classname="App.Card.DeckTest" file="/Users/narwhal/dbwebb-kurser/mvc/me/report/tests/Card/DeckTest.php" line="57" assertions="3" time="0.005712"/>
        <testcase name="testSortDeck" class="App\Card\DeckTest" classname="App.Card.DeckTest" file="/Users/narwhal/dbwebb-kurser/mvc/me/report/tests/Card/DeckTest.php" line="65" assertions="2" time="0.004442"/>
      </testsuite>
      <testsuite name="App\Card\GameTest" file="/Users/narwhal/dbwebb-kurser/mvc/me/report/tests/Card/GameTest.php" tests="6" assertions="17" errors="0" warnings="0" failures="0" skipped="0" time="0.010053">
        <testcase name="testCreateGameObject" class="App\Card\GameTest" classname="App.Card.GameTest" file="/Users/narwhal/dbwebb-kurser/mvc/me/report/tests/Card/GameTest.php" line="24" assertions="1" time="0.007811"/>
        <testcase name="testGameInit" class="App\Card\GameTest" classname="App.Card.GameTest" file="/Users/narwhal/dbwebb-kurser/mvc/me/report/tests/Card/GameTest.php" line="28" assertions="6" time="0.000635"/>
        <testcase name="testGameGetScore" class="App\Card\GameTest" classname="App.Card.GameTest" file="/Users/narwhal/dbwebb-kurser/mvc/me/report/tests/Card/GameTest.php" line="38" assertions="2" time="0.000329"/>
        <testcase name="testPlayerDraw" class="App\Card\GameTest" classname="App.Card.GameTest" file="/Users/narwhal/dbwebb-kurser/mvc/me/report/tests/Card/GameTest.php" line="43" assertions="2" time="0.000423"/>
        <testcase name="testBankDraw" class="App\Card\GameTest" classname="App.Card.GameTest" file="/Users/narwhal/dbwebb-kurser/mvc/me/report/tests/Card/GameTest.php" line="50" assertions="4" time="0.000498"/>
        <testcase name="testPlayerFat" class="App\Card\GameTest" classname="App.Card.GameTest" file="/Users/narwhal/dbwebb-kurser/mvc/me/report/tests/Card/GameTest.php" line="60" assertions="2" time="0.000356"/>
      </testsuite>
      <testsuite name="App\Card\HandTest" file="/Users/narwhal/dbwebb-kurser/mvc/me/report/tests/Card/HandTest.php" tests="1" assertions="1" errors="0" warnings="0" failures="0" skipped="0" time="0.000633">
        <testcase name="testCreateHand" class="App\Card\HandTest" classname="App.Card.HandTest" file="/Users/narwhal/dbwebb-kurser/mvc/me/report/tests/Card/HandTest.php" line="20" assertions="1" time="0.000633"/>
      </testsuite>
      <testsuite name="App\Dice\DiceTest" file="/Users/narwhal/dbwebb-kurser/mvc/me/report/tests/Dice/DiceTest.php" tests="1" assertions="2" errors="0" warnings="0" failures="0" skipped="0" time="0.000858">
        <testcase name="testCreateDice" class="App\Dice\DiceTest" classname="App.Dice.DiceTest" file="/Users/narwhal/dbwebb-kurser/mvc/me/report/tests/Dice/DiceTest.php" line="16" assertions="2" time="0.000858"/>
      </testsuite>
    </testsuite>
  </testsuite>
</testsuites>
